::1 - - [01/Nov/2018:10:08:55 +0000] "GET /api/movie HTTP/1.1" 200 633 "-" "Mozilla/5.0 (Windows NT 6.3; Win64; x64) AppleWebKit/537.36 (KHTML, like Gecko) Chrome/69.0.3497.100 Safari/537.36"
::1 - - [01/Nov/2018:10:09:56 +0000] "GET /api/movie HTTP/1.1" 200 633 "-" "Mozilla/5.0 (Windows NT 6.3; Win64; x64) AppleWebKit/537.36 (KHTML, like Gecko) Chrome/69.0.3497.100 Safari/537.36"
::1 - - [01/Nov/2018:10:09:56 +0000] "GET /api/movie HTTP/1.1" 200 633 "-" "Mozilla/5.0 (Windows NT 6.3; Win64; x64) AppleWebKit/537.36 (KHTML, like Gecko) Chrome/69.0.3497.100 Safari/537.36"
::1 - - [01/Nov/2018:10:10:21 +0000] "POST /api/movie HTTP/1.1" 200 205 "-" "Mozilla/5.0 (Windows NT 6.3; Win64; x64) AppleWebKit/537.36 (KHTML, like Gecko) Chrome/69.0.3497.100 Safari/537.36"
::1 - - [01/Nov/2018:10:10:21 +0000] "POST /api/movie HTTP/1.1" 200 205 "-" "Mozilla/5.0 (Windows NT 6.3; Win64; x64) AppleWebKit/537.36 (KHTML, like Gecko) Chrome/69.0.3497.100 Safari/537.36"
::1 - - [01/Nov/2018:19:16:53 +0000] "GET /api/crwal?url=https://wiprodigital.com HTTP/1.1" 200 2930 "-" "Mozilla/5.0 (Windows NT 6.3; Win64; x64) AppleWebKit/537.36 (KHTML, like Gecko) Chrome/69.0.3497.100 Safari/537.36"
::1 - - [02/Nov/2018:16:09:44 +0000] "GET /api/crwal?url=https://wiprodigital.com HTTP/1.1" 503 677 "-" "Mozilla/5.0 (Windows NT 6.3; Win64; x64) AppleWebKit/537.36 (KHTML, like Gecko) Chrome/69.0.3497.100 Safari/537.36"
::1 - - [02/Nov/2018:16:10:00 +0000] "GET /api/crwal?url=https://wiprodigital.com HTTP/1.1" - - "-" "Mozilla/5.0 (Windows NT 6.3; Win64; x64) AppleWebKit/537.36 (KHTML, like Gecko) Chrome/69.0.3497.100 Safari/537.36"
::1 - - [02/Nov/2018:22:42:29 +0000] "GET /api/crwal?url=https://wiprodigital.com HTTP/1.1" 200 2786 "-" "Mozilla/5.0 (Windows NT 6.3; Win64; x64) AppleWebKit/537.36 (KHTML, like Gecko) Chrome/69.0.3497.100 Safari/537.36"
::1 - - [02/Nov/2018:22:46:16 +0000] "GET /api/crwal?url=https://wiprodigital.com HTTP/1.1" 200 2859 "-" "Mozilla/5.0 (Windows NT 6.3; Win64; x64) AppleWebKit/537.36 (KHTML, like Gecko) Chrome/69.0.3497.100 Safari/537.36"
::1 - - [02/Nov/2018:22:48:39 +0000] "GET /api/crwal?url=https://wiprodigital.com HTTP/1.1" 200 2861 "-" "Mozilla/5.0 (Windows NT 6.3; Win64; x64) AppleWebKit/537.36 (KHTML, like Gecko) Chrome/69.0.3497.100 Safari/537.36"
::1 - - [02/Nov/2018:22:55:21 +0000] "GET /api/crwal?url=https://wiprodigital.com HTTP/1.1" 200 42161 "-" "Mozilla/5.0 (Windows NT 6.3; Win64; x64) AppleWebKit/537.36 (KHTML, like Gecko) Chrome/69.0.3497.100 Safari/537.36"
::1 - - [02/Nov/2018:22:57:51 +0000] "GET /api/crwal?url=https://wiprodigital.com HTTP/1.1" 200 59203 "-" "Mozilla/5.0 (Windows NT 6.3; Win64; x64) AppleWebKit/537.36 (KHTML, like Gecko) Chrome/69.0.3497.100 Safari/537.36"
::1 - - [04/Nov/2018:05:41:44 +0000] "GET /api/crwal?url= HTTP/1.1" 200 42 "-" "Mozilla/5.0 (Windows NT 6.3; Win64; x64) AppleWebKit/537.36 (KHTML, like Gecko) Chrome/69.0.3497.100 Safari/537.36"
::1 - - [04/Nov/2018:05:42:25 +0000] "GET /api/crwal?url= HTTP/1.1" 304 - "-" "Mozilla/5.0 (Windows NT 6.3; Win64; x64) AppleWebKit/537.36 (KHTML, like Gecko) Chrome/69.0.3497.100 Safari/537.36"
::1 - - [04/Nov/2018:05:43:43 +0000] "GET /api/crwal?url= HTTP/1.1" 304 - "-" "Mozilla/5.0 (Windows NT 6.3; Win64; x64) AppleWebKit/537.36 (KHTML, like Gecko) Chrome/69.0.3497.100 Safari/537.36"
::1 - - [04/Nov/2018:05:44:44 +0000] "GET /api/crwal?url= HTTP/1.1" 304 - "-" "Mozilla/5.0 (Windows NT 6.3; Win64; x64) AppleWebKit/537.36 (KHTML, like Gecko) Chrome/69.0.3497.100 Safari/537.36"
::1 - - [04/Nov/2018:05:44:48 +0000] "GET /api/crwal?url= HTTP/1.1" 304 - "-" "Mozilla/5.0 (Windows NT 6.3; Win64; x64) AppleWebKit/537.36 (KHTML, like Gecko) Chrome/69.0.3497.100 Safari/537.36"
::1 - - [04/Nov/2018:05:45:48 +0000] "GET /api/crwal?url= HTTP/1.1" 304 - "-" "Mozilla/5.0 (Windows NT 6.3; Win64; x64) AppleWebKit/537.36 (KHTML, like Gecko) Chrome/69.0.3497.100 Safari/537.36"
::1 - - [04/Nov/2018:05:45:59 +0000] "GET /api/crwal?url= HTTP/1.1" 304 - "-" "Mozilla/5.0 (Windows NT 6.3; Win64; x64) AppleWebKit/537.36 (KHTML, like Gecko) Chrome/69.0.3497.100 Safari/537.36"
